{
  "0 debug pnpm:scope": {
    "selected": 1
  },
  "1 error pnpm": {
    "code": "ELIFECYCLE",
    "errno": "ENOENT",
    "syscall": "spawn",
    "file": "sh",
    "pkgid": "@",
    "stage": "dev",
    "script": "webpack serve --config ./bundler/webpack.dev.js",
    "err": {
      "name": "pnpm",
      "message": "@ dev: `webpack serve --config ./bundler/webpack.dev.js`\nspawn ENOENT",
      "code": "ELIFECYCLE",
      "stack": "pnpm: @ dev: `webpack serve --config ./bundler/webpack.dev.js`\nspawn ENOENT\n    at ChildProcess.<anonymous> (/Users/Sooia/.nvm/versions/node/v16.13.1/pnpm-global/5/node_modules/.pnpm/pnpm@6.24.2/node_modules/pnpm/dist/pnpm.cjs:91775:22)\n    at ChildProcess.emit (node:events:390:28)\n    at maybeClose (node:internal/child_process:1062:16)\n    at Process.ChildProcess._handle.onexit (node:internal/child_process:301:5)"
    }
  },
  "2 warn pnpm:global": " Local package.json exists, but node_modules missing, did you mean to install?"
}